<?xml version="1.0" encoding="UTF-8"?>
<coverage generated="1703036147914" clover="3.2.0">
  <project timestamp="1703036147914" name="All files">
    <metrics statements="45" coveredstatements="35" conditionals="33" coveredconditionals="18" methods="14" coveredmethods="13" elements="92" coveredelements="66" complexity="0" loc="45" ncloc="45" packages="1" files="1" classes="1"/>
    <file name="index.js" path="/Users/calixto117/brightcoders/s2a1-el-juego-de-boliche-s2a2-el-juego-de-boliche-rn-a2-team1/index.js">
      <metrics statements="45" coveredstatements="35" conditionals="33" coveredconditionals="18" methods="14" coveredmethods="13"/>
      <line num="4" count="30" type="stmt"/>
      <line num="6" count="3" type="stmt"/>
      <line num="12" count="12" type="cond" truecount="1" falsecount="1"/>
      <line num="13" count="0" type="stmt"/>
      <line num="14" count="0" type="stmt"/>
      <line num="18" count="12" type="stmt"/>
      <line num="21" count="12" type="stmt"/>
      <line num="22" count="12" type="cond" truecount="1" falsecount="1"/>
      <line num="25" count="12" type="stmt"/>
      <line num="28" count="12" type="cond" truecount="3" falsecount="1"/>
      <line num="29" count="12" type="stmt"/>
      <line num="33" count="12" type="cond" truecount="3" falsecount="1"/>
      <line num="34" count="12" type="stmt"/>
      <line num="35" count="12" type="stmt"/>
      <line num="41" count="12" type="stmt"/>
      <line num="43" count="12" type="stmt"/>
      <line num="45" count="120" type="cond" truecount="1" falsecount="1"/>
      <line num="46" count="0" type="stmt"/>
      <line num="49" count="120" type="cond" truecount="2" falsecount="0"/>
      <line num="50" count="19" type="stmt"/>
      <line num="54" count="101" type="stmt"/>
      <line num="58" count="120" type="stmt"/>
      <line num="59" count="120" type="stmt"/>
      <line num="65" count="24" type="cond" truecount="2" falsecount="0"/>
      <line num="66" count="24" type="stmt"/>
      <line num="71" count="0" type="stmt"/>
      <line num="72" count="0" type="stmt"/>
      <line num="75" count="0" type="cond" truecount="0" falsecount="4"/>
      <line num="77" count="0" type="cond" truecount="0" falsecount="2"/>
      <line num="78" count="0" type="stmt"/>
      <line num="82" count="0" type="cond" truecount="0" falsecount="2"/>
      <line num="86" count="0" type="stmt"/>
      <line num="91" count="19" type="stmt"/>
      <line num="93" count="19" type="cond" truecount="1" falsecount="1"/>
      <line num="98" count="132" type="cond" truecount="1" falsecount="1"/>
      <line num="103" count="120" type="cond" truecount="2" falsecount="0"/>
      <line num="108" count="12" type="stmt"/>
      <line num="113" count="30" type="stmt"/>
      <line num="118" count="1" type="stmt"/>
      <line num="121" count="1" type="stmt"/>
      <line num="122" count="10" type="stmt"/>
      <line num="126" count="1" type="stmt"/>
      <line num="127" count="1" type="stmt"/>
      <line num="128" count="1" type="stmt"/>
      <line num="169" count="1" type="stmt"/>
    </file>
  </project>
</coverage>
