{"D:\\Documentos\\BrightCoders\\Semana 2\\Actividad 1\\s2a1-el-juego-de-boliche-s2a2-el-juego-de-boliche-rn-a2-team1\\index.js": {"path":"D:\\Documentos\\BrightCoders\\Semana 2\\Actividad 1\\s2a1-el-juego-de-boliche-s2a2-el-juego-de-boliche-rn-a2-team1\\index.js","statementMap":{"0":{"start":{"line":4,"column":6},"end":{"line":4,"column":80}},"1":{"start":{"line":4,"column":54},"end":{"line":4,"column":77}},"2":{"start":{"line":6,"column":6},"end":{"line":6,"column":28}},"3":{"start":{"line":12,"column":6},"end":{"line":15,"column":7}},"4":{"start":{"line":13,"column":8},"end":{"line":13,"column":46}},"5":{"start":{"line":14,"column":8},"end":{"line":14,"column":15}},"6":{"start":{"line":18,"column":20},"end":{"line":18,"column":50}},"7":{"start":{"line":21,"column":24},"end":{"line":21,"column":45}},"8":{"start":{"line":22,"column":25},"end":{"line":22,"column":101}},"9":{"start":{"line":25,"column":6},"end":{"line":25,"column":34}},"10":{"start":{"line":28,"column":6},"end":{"line":30,"column":7}},"11":{"start":{"line":29,"column":8},"end":{"line":29,"column":37}},"12":{"start":{"line":33,"column":6},"end":{"line":36,"column":7}},"13":{"start":{"line":34,"column":8},"end":{"line":34,"column":30}},"14":{"start":{"line":35,"column":8},"end":{"line":35,"column":28}},"15":{"start":{"line":41,"column":23},"end":{"line":41,"column":24}},"16":{"start":{"line":43,"column":6},"end":{"line":60,"column":9}},"17":{"start":{"line":45,"column":8},"end":{"line":55,"column":9}},"18":{"start":{"line":46,"column":10},"end":{"line":46,"column":56}},"19":{"start":{"line":49,"column":13},"end":{"line":55,"column":9}},"20":{"start":{"line":50,"column":10},"end":{"line":50,"column":55}},"21":{"start":{"line":54,"column":10},"end":{"line":54,"column":73}},"22":{"start":{"line":54,"column":58},"end":{"line":54,"column":68}},"23":{"start":{"line":58,"column":8},"end":{"line":58,"column":34}},"24":{"start":{"line":59,"column":8},"end":{"line":59,"column":33}},"25":{"start":{"line":65,"column":18},"end":{"line":65,"column":35}},"26":{"start":{"line":66,"column":6},"end":{"line":66,"column":51}},"27":{"start":{"line":71,"column":24},"end":{"line":71,"column":51}},"28":{"start":{"line":72,"column":29},"end":{"line":72,"column":56}},"29":{"start":{"line":75,"column":6},"end":{"line":84,"column":7}},"30":{"start":{"line":77,"column":8},"end":{"line":83,"column":9}},"31":{"start":{"line":78,"column":10},"end":{"line":78,"column":46}},"32":{"start":{"line":82,"column":10},"end":{"line":82,"column":64}},"33":{"start":{"line":86,"column":6},"end":{"line":86,"column":15}},"34":{"start":{"line":91,"column":24},"end":{"line":91,"column":51}},"35":{"start":{"line":93,"column":6},"end":{"line":93,"column":48}},"36":{"start":{"line":98,"column":6},"end":{"line":98,"column":63}},"37":{"start":{"line":103,"column":6},"end":{"line":103,"column":80}},"38":{"start":{"line":108,"column":6},"end":{"line":108,"column":38}},"39":{"start":{"line":113,"column":6},"end":{"line":113,"column":51}},"40":{"start":{"line":113,"column":38},"end":{"line":113,"column":49}},"41":{"start":{"line":118,"column":22},"end":{"line":118,"column":39}},"42":{"start":{"line":121,"column":2},"end":{"line":123,"column":3}},"43":{"start":{"line":121,"column":15},"end":{"line":121,"column":16}},"44":{"start":{"line":122,"column":4},"end":{"line":122,"column":23}},"45":{"start":{"line":126,"column":2},"end":{"line":126,"column":59}},"46":{"start":{"line":127,"column":2},"end":{"line":127,"column":34}},"47":{"start":{"line":128,"column":2},"end":{"line":128,"column":33}},"48":{"start":{"line":169,"column":0},"end":{"line":169,"column":29}}},"fnMap":{"0":{"name":"(anonymous_0)","decl":{"start":{"line":2,"column":4},"end":{"line":2,"column":5}},"loc":{"start":{"line":2,"column":18},"end":{"line":7,"column":5}},"line":2},"1":{"name":"(anonymous_1)","decl":{"start":{"line":4,"column":47},"end":{"line":4,"column":48}},"loc":{"start":{"line":4,"column":54},"end":{"line":4,"column":77}},"line":4},"2":{"name":"(anonymous_2)","decl":{"start":{"line":10,"column":4},"end":{"line":10,"column":5}},"loc":{"start":{"line":10,"column":11},"end":{"line":37,"column":5}},"line":10},"3":{"name":"(anonymous_3)","decl":{"start":{"line":40,"column":4},"end":{"line":40,"column":5}},"loc":{"start":{"line":40,"column":21},"end":{"line":61,"column":5}},"line":40},"4":{"name":"(anonymous_4)","decl":{"start":{"line":43,"column":26},"end":{"line":43,"column":27}},"loc":{"start":{"line":43,"column":44},"end":{"line":60,"column":7}},"line":43},"5":{"name":"(anonymous_5)","decl":{"start":{"line":54,"column":43},"end":{"line":54,"column":44}},"loc":{"start":{"line":54,"column":58},"end":{"line":54,"column":68}},"line":54},"6":{"name":"(anonymous_6)","decl":{"start":{"line":64,"column":4},"end":{"line":64,"column":5}},"loc":{"start":{"line":64,"column":37},"end":{"line":67,"column":5}},"line":64},"7":{"name":"(anonymous_7)","decl":{"start":{"line":70,"column":4},"end":{"line":70,"column":5}},"loc":{"start":{"line":70,"column":31},"end":{"line":87,"column":5}},"line":70},"8":{"name":"(anonymous_8)","decl":{"start":{"line":90,"column":4},"end":{"line":90,"column":5}},"loc":{"start":{"line":90,"column":30},"end":{"line":94,"column":5}},"line":90},"9":{"name":"(anonymous_9)","decl":{"start":{"line":97,"column":4},"end":{"line":97,"column":5}},"loc":{"start":{"line":97,"column":20},"end":{"line":99,"column":5}},"line":97},"10":{"name":"(anonymous_10)","decl":{"start":{"line":102,"column":4},"end":{"line":102,"column":5}},"loc":{"start":{"line":102,"column":19},"end":{"line":104,"column":5}},"line":102},"11":{"name":"(anonymous_11)","decl":{"start":{"line":107,"column":4},"end":{"line":107,"column":5}},"loc":{"start":{"line":107,"column":17},"end":{"line":109,"column":5}},"line":107},"12":{"name":"(anonymous_12)","decl":{"start":{"line":112,"column":4},"end":{"line":112,"column":5}},"loc":{"start":{"line":112,"column":15},"end":{"line":114,"column":5}},"line":112},"13":{"name":"(anonymous_13)","decl":{"start":{"line":113,"column":29},"end":{"line":113,"column":30}},"loc":{"start":{"line":113,"column":38},"end":{"line":113,"column":49}},"line":113}},"branchMap":{"0":{"loc":{"start":{"line":12,"column":6},"end":{"line":15,"column":7}},"type":"if","locations":[{"start":{"line":12,"column":6},"end":{"line":15,"column":7}},{"start":{},"end":{}}],"line":12},"1":{"loc":{"start":{"line":22,"column":25},"end":{"line":22,"column":101}},"type":"cond-expr","locations":[{"start":{"line":22,"column":52},"end":{"line":22,"column":77}},{"start":{"line":22,"column":80},"end":{"line":22,"column":101}}],"line":22},"2":{"loc":{"start":{"line":28,"column":6},"end":{"line":30,"column":7}},"type":"if","locations":[{"start":{"line":28,"column":6},"end":{"line":30,"column":7}},{"start":{},"end":{}}],"line":28},"3":{"loc":{"start":{"line":28,"column":10},"end":{"line":28,"column":52}},"type":"binary-expr","locations":[{"start":{"line":28,"column":10},"end":{"line":28,"column":34}},{"start":{"line":28,"column":38},"end":{"line":28,"column":52}}],"line":28},"4":{"loc":{"start":{"line":33,"column":6},"end":{"line":36,"column":7}},"type":"if","locations":[{"start":{"line":33,"column":6},"end":{"line":36,"column":7}},{"start":{},"end":{}}],"line":33},"5":{"loc":{"start":{"line":33,"column":10},"end":{"line":33,"column":58}},"type":"binary-expr","locations":[{"start":{"line":33,"column":10},"end":{"line":33,"column":30}},{"start":{"line":33,"column":34},"end":{"line":33,"column":58}}],"line":33},"6":{"loc":{"start":{"line":45,"column":8},"end":{"line":55,"column":9}},"type":"if","locations":[{"start":{"line":45,"column":8},"end":{"line":55,"column":9}},{"start":{"line":49,"column":13},"end":{"line":55,"column":9}}],"line":45},"7":{"loc":{"start":{"line":49,"column":13},"end":{"line":55,"column":9}},"type":"if","locations":[{"start":{"line":49,"column":13},"end":{"line":55,"column":9}},{"start":{"line":53,"column":13},"end":{"line":55,"column":9}}],"line":49},"8":{"loc":{"start":{"line":64,"column":19},"end":{"line":64,"column":35}},"type":"default-arg","locations":[{"start":{"line":64,"column":30},"end":{"line":64,"column":35}}],"line":64},"9":{"loc":{"start":{"line":65,"column":18},"end":{"line":65,"column":35}},"type":"cond-expr","locations":[{"start":{"line":65,"column":29},"end":{"line":65,"column":31}},{"start":{"line":65,"column":34},"end":{"line":65,"column":35}}],"line":65},"10":{"loc":{"start":{"line":75,"column":6},"end":{"line":84,"column":7}},"type":"if","locations":[{"start":{"line":75,"column":6},"end":{"line":84,"column":7}},{"start":{},"end":{}}],"line":75},"11":{"loc":{"start":{"line":75,"column":10},"end":{"line":75,"column":50}},"type":"binary-expr","locations":[{"start":{"line":75,"column":10},"end":{"line":75,"column":19}},{"start":{"line":75,"column":23},"end":{"line":75,"column":50}}],"line":75},"12":{"loc":{"start":{"line":77,"column":8},"end":{"line":83,"column":9}},"type":"if","locations":[{"start":{"line":77,"column":8},"end":{"line":83,"column":9}},{"start":{"line":81,"column":13},"end":{"line":83,"column":9}}],"line":77},"13":{"loc":{"start":{"line":82,"column":39},"end":{"line":82,"column":62}},"type":"binary-expr","locations":[{"start":{"line":82,"column":39},"end":{"line":82,"column":57}},{"start":{"line":82,"column":61},"end":{"line":82,"column":62}}],"line":82},"14":{"loc":{"start":{"line":93,"column":13},"end":{"line":93,"column":47}},"type":"cond-expr","locations":[{"start":{"line":93,"column":25},"end":{"line":93,"column":43}},{"start":{"line":93,"column":46},"end":{"line":93,"column":47}}],"line":93},"15":{"loc":{"start":{"line":98,"column":13},"end":{"line":98,"column":62}},"type":"binary-expr","locations":[{"start":{"line":98,"column":13},"end":{"line":98,"column":37}},{"start":{"line":98,"column":41},"end":{"line":98,"column":62}}],"line":98},"16":{"loc":{"start":{"line":103,"column":13},"end":{"line":103,"column":79}},"type":"binary-expr","locations":[{"start":{"line":103,"column":13},"end":{"line":103,"column":37}},{"start":{"line":103,"column":41},"end":{"line":103,"column":79}}],"line":103}},"s":{"0":3,"1":30,"2":3,"3":12,"4":0,"5":0,"6":12,"7":12,"8":12,"9":12,"10":12,"11":12,"12":12,"13":12,"14":12,"15":12,"16":12,"17":120,"18":0,"19":120,"20":3,"21":117,"22":108,"23":120,"24":120,"25":24,"26":24,"27":0,"28":0,"29":0,"30":0,"31":0,"32":0,"33":0,"34":3,"35":3,"36":132,"37":120,"38":12,"39":3,"40":30,"41":1,"42":1,"43":1,"44":10,"45":1,"46":1,"47":1,"48":1},"f":{"0":3,"1":30,"2":12,"3":12,"4":120,"5":108,"6":24,"7":0,"8":3,"9":132,"10":120,"11":12,"12":3,"13":30},"b":{"0":[0,12],"1":[12,0],"2":[12,0],"3":[12,12],"4":[12,0],"5":[12,12],"6":[0,120],"7":[3,117],"8":[12],"9":[12,12],"10":[0,0],"11":[0,0],"12":[0,0],"13":[0,0],"14":[3,0],"15":[132,0],"16":[120,57]},"_coverageSchema":"1a1c01bbd47fc00a2c39e90264f33305004495a9","hash":"a77601d6fd90f98ed700a4b8d4423c18df98ceee"}
}
