TN:
SF:index.js
FN:2,(anonymous_0)
FN:4,(anonymous_1)
FN:10,(anonymous_2)
FN:40,(anonymous_3)
FN:43,(anonymous_4)
FN:54,(anonymous_5)
FN:64,(anonymous_6)
FN:70,(anonymous_7)
FN:90,(anonymous_8)
FN:97,(anonymous_9)
FN:102,(anonymous_10)
FN:107,(anonymous_11)
FN:112,(anonymous_12)
FN:113,(anonymous_13)
FNF:14
FNH:13
FNDA:3,(anonymous_0)
FNDA:30,(anonymous_1)
FNDA:12,(anonymous_2)
FNDA:12,(anonymous_3)
FNDA:120,(anonymous_4)
FNDA:108,(anonymous_5)
FNDA:24,(anonymous_6)
FNDA:0,(anonymous_7)
FNDA:3,(anonymous_8)
FNDA:132,(anonymous_9)
FNDA:120,(anonymous_10)
FNDA:12,(anonymous_11)
FNDA:3,(anonymous_12)
FNDA:30,(anonymous_13)
DA:4,30
DA:6,3
DA:12,12
DA:13,0
DA:14,0
DA:18,12
DA:21,12
DA:22,12
DA:25,12
DA:28,12
DA:29,12
DA:33,12
DA:34,12
DA:35,12
DA:41,12
DA:43,12
DA:45,120
DA:46,0
DA:49,120
DA:50,3
DA:54,117
DA:58,120
DA:59,120
DA:65,24
DA:66,24
DA:71,0
DA:72,0
DA:75,0
DA:77,0
DA:78,0
DA:82,0
DA:86,0
DA:91,3
DA:93,3
DA:98,132
DA:103,120
DA:108,12
DA:113,30
DA:118,1
DA:121,1
DA:122,10
DA:126,1
DA:127,1
DA:128,1
DA:169,1
LF:45
LH:35
BRDA:12,0,0,0
BRDA:12,0,1,12
BRDA:22,1,0,12
BRDA:22,1,1,0
BRDA:28,2,0,12
BRDA:28,2,1,0
BRDA:28,3,0,12
BRDA:28,3,1,12
BRDA:33,4,0,12
BRDA:33,4,1,0
BRDA:33,5,0,12
BRDA:33,5,1,12
BRDA:45,6,0,0
BRDA:45,6,1,120
BRDA:49,7,0,3
BRDA:49,7,1,117
BRDA:64,8,0,12
BRDA:65,9,0,12
BRDA:65,9,1,12
BRDA:75,10,0,0
BRDA:75,10,1,0
BRDA:75,11,0,0
BRDA:75,11,1,0
BRDA:77,12,0,0
BRDA:77,12,1,0
BRDA:82,13,0,0
BRDA:82,13,1,0
BRDA:93,14,0,3
BRDA:93,14,1,0
BRDA:98,15,0,132
BRDA:98,15,1,0
BRDA:103,16,0,120
BRDA:103,16,1,57
BRF:33
BRH:18
end_of_record
